TN:
SF:src/app.ts
FN:11,(anonymous_1)
FN:25,(anonymous_2)
FNF:2
FNH:1
FNDA:1,(anonymous_1)
FNDA:0,(anonymous_2)
DA:1,1
DA:2,1
DA:3,1
DA:4,1
DA:6,1
DA:7,1
DA:9,1
DA:11,1
DA:12,1
DA:14,1
DA:16,1
DA:17,1
DA:21,1
DA:24,1
DA:25,0
DA:26,0
LF:16
LH:14
BRDA:7,0,0,1
BRDA:7,0,1,1
BRDA:24,1,0,0
BRDA:24,1,1,1
BRF:4
BRH:3
end_of_record
TN:
SF:src/failures/index.ts
FN:6,(anonymous_1)
FN:10,(anonymous_2)
FN:14,(anonymous_3)
FN:15,(anonymous_4)
FN:16,(anonymous_5)
FNF:5
FNH:2
FNDA:1,(anonymous_1)
FNDA:1,(anonymous_2)
FNDA:0,(anonymous_3)
FNDA:0,(anonymous_4)
FNDA:0,(anonymous_5)
DA:1,1
DA:2,1
DA:4,1
DA:6,1
DA:7,1
DA:10,1
DA:11,1
DA:14,1
DA:15,0
DA:16,0
DA:17,0
DA:20,0
LF:12
LH:8
BRF:0
BRH:0
end_of_record
